0 info it worked if it ends with ok
1 verbose cli [ '/usr/local/bin/node',
1 verbose cli   '/usr/local/bin/npm',
1 verbose cli   'run',
1 verbose cli   'babel',
1 verbose cli   'index.js',
1 verbose cli   'agy' ]
2 info using npm@4.1.2
3 info using node@v7.4.0
4 verbose run-script [ 'prebabel', 'babel', 'postbabel' ]
5 info lifecycle wbscraper@1.0.0~prebabel: wbscraper@1.0.0
6 silly lifecycle wbscraper@1.0.0~prebabel: no script for prebabel, continuing
7 info lifecycle wbscraper@1.0.0~babel: wbscraper@1.0.0
8 verbose lifecycle wbscraper@1.0.0~babel: unsafe-perm in lifecycle true
9 verbose lifecycle wbscraper@1.0.0~babel: PATH: /usr/local/lib/node_modules/npm/bin/node-gyp-bin:/Users/LeonBlade/Development/wbscraper/node_modules/.bin:/usr/local/opt/qt/bin:/usr/bin:/bin:/usr/sbin:/sbin:/usr/local/bin:/opt/X11/bin:/usr/local/share/dotnet:/Library/Frameworks/Mono.framework/Versions/Current/Commands:/Applications/Wireshark.app/Contents/MacOS:/Users/LeonBlade/bin:/usr/local/sbin:/Applications/Xcode.app/Contents/Developer/usr/bin:/Users/LeonBlade/.composer/vendor/bin
10 verbose lifecycle wbscraper@1.0.0~babel: CWD: /Users/LeonBlade/Development/wbscraper
11 silly lifecycle wbscraper@1.0.0~babel: Args: [ '-c', 'babel-node "index.js" "agy"' ]
12 silly lifecycle wbscraper@1.0.0~babel: Returned: code: 1  signal: null
13 info lifecycle wbscraper@1.0.0~babel: Failed to exec babel script
14 verbose stack Error: wbscraper@1.0.0 babel: `babel-node "index.js" "agy"`
14 verbose stack Exit status 1
14 verbose stack     at EventEmitter.<anonymous> (/usr/local/lib/node_modules/npm/lib/utils/lifecycle.js:279:16)
14 verbose stack     at emitTwo (events.js:106:13)
14 verbose stack     at EventEmitter.emit (events.js:191:7)
14 verbose stack     at ChildProcess.<anonymous> (/usr/local/lib/node_modules/npm/lib/utils/spawn.js:40:14)
14 verbose stack     at emitTwo (events.js:106:13)
14 verbose stack     at ChildProcess.emit (events.js:191:7)
14 verbose stack     at maybeClose (internal/child_process.js:885:16)
14 verbose stack     at Process.ChildProcess._handle.onexit (internal/child_process.js:226:5)
15 verbose pkgid wbscraper@1.0.0
16 verbose cwd /Users/LeonBlade/Development/wbscraper
17 error Darwin 16.6.0
18 error argv "/usr/local/bin/node" "/usr/local/bin/npm" "run" "babel" "index.js" "agy"
19 error node v7.4.0
20 error npm  v4.1.2
21 error code ELIFECYCLE
22 error wbscraper@1.0.0 babel: `babel-node "index.js" "agy"`
22 error Exit status 1
23 error Failed at the wbscraper@1.0.0 babel script 'babel-node "index.js" "agy"'.
23 error Make sure you have the latest version of node.js and npm installed.
23 error If you do, this is most likely a problem with the wbscraper package,
23 error not with npm itself.
23 error Tell the author that this fails on your system:
23 error     babel-node "index.js" "agy"
23 error You can get information on how to open an issue for this project with:
23 error     npm bugs wbscraper
23 error Or if that isn't available, you can get their info via:
23 error     npm owner ls wbscraper
23 error There is likely additional logging output above.
24 verbose exit [ 1, true ]
